<?xml version="1.0" encoding="UTF-8"?>
<testsuite name="model.Menu.Options.MenuElementTest" tests="3" skipped="0" failures="0" errors="0" timestamp="2021-12-27T16:54:36" hostname="LENOVO" time="0.018">
  <properties/>
  <testcase name="select()" classname="model.Menu.Options.MenuElementTest" time="0.016"/>
  <testcase name="isSelected()" classname="model.Menu.Options.MenuElementTest" time="0.0"/>
  <testcase name="deselect()" classname="model.Menu.Options.MenuElementTest" time="0.001"/>
  <system-out><![CDATA[]]></system-out>
  <system-err><![CDATA[]]></system-err>
</testsuite>
